d:\visualstudiorepo\monsterarena\x64\debug\vc143.pdb
d:\visualstudiorepo\monsterarena\x64\debug\vc143.idb
d:\visualstudiorepo\monsterarena\x64\debug\texturemanager.obj
d:\visualstudiorepo\monsterarena\x64\debug\game.obj
d:\visualstudiorepo\monsterarena\x64\debug\main.obj
d:\visualstudiorepo\monsterarena\x64\debug\gameobject.obj
d:\visualstudiorepo\monsterarena\x64\debug\map.obj
d:\visualstudiorepo\monsterarena\x64\debug\vector2d.obj
d:\visualstudiorepo\monsterarena\x64\debug\collision.obj
d:\visualstudiorepo\monsterarena\x64\debug\ecs.obj
d:\visualstudiorepo\monsterarena\x64\debug\assetmanager.obj
d:\visualstudiorepo\monsterarena\x64\debug\monsterarena.exe
d:\visualstudiorepo\monsterarena\x64\debug\monsterarena.ilk
d:\visualstudiorepo\monsterarena\x64\debug\monsterarena.pdb
d:\visualstudiorepo\monsterarena\x64\debug\monsterarena.tlog\cl.command.1.tlog
d:\visualstudiorepo\monsterarena\x64\debug\monsterarena.tlog\cl.read.1.tlog
d:\visualstudiorepo\monsterarena\x64\debug\monsterarena.tlog\cl.write.1.tlog
d:\visualstudiorepo\monsterarena\x64\debug\monsterarena.tlog\link.command.1.tlog
d:\visualstudiorepo\monsterarena\x64\debug\monsterarena.tlog\link.read.1.tlog
d:\visualstudiorepo\monsterarena\x64\debug\monsterarena.tlog\link.write.1.tlog
